<?xml version="1.0" encoding="UTF-8"?>
<!-- Generated by org.testng.reporters.JUnitReportReporter -->
<testsuite hostname="DESKTOP-URITEN8" failures="0" tests="1" name="com.ShoppersStack_TestScripts.tc_001_verify_user_is_able_to_addAddress_or_not" time="20.958" errors="0" timestamp="2024-11-16T09:32:03 IST" skipped="0">
  <testcase classname="com.ShoppersStack_TestScripts.tc_001_verify_user_is_able_to_addAddress_or_not" name="addAddress" time="20.958"/>
</testsuite> <!-- com.ShoppersStack_TestScripts.tc_001_verify_user_is_able_to_addAddress_or_not -->
