<?xml version="1.0" encoding="UTF-8"?>
<!-- Generated by org.testng.reporters.JUnitReportReporter -->
<testsuite hostname="DESKTOP-URITEN8" failures="0" tests="1" name="com.ShoppersStack_TestScripts.tc_003_addingProductTo_cart_Test" time="43.026" errors="0" timestamp="2024-11-22T11:00:38 IST" skipped="0">
  <testcase classname="com.ShoppersStack_TestScripts.tc_003_addingProductTo_cart_Test" name="addingproducttocart" time="43.026"/>
</testsuite> <!-- com.ShoppersStack_TestScripts.tc_003_addingProductTo_cart_Test -->
